12e0 initialise_clink          109 ---- 2021/12/16 11:35:28.652 -------------------------------------------------
12e0 initialise_clink          110 Host process is 'cmd.exe'
12e0 initialise_clink          124 Windows version 10.0.19043 (x64)
12e0 initialise_clink          127 Clink version 1.1.45.1c3985 (x64)
12e0 hook_setter::hook_setter   36 >>> Started hook transaction.
12e0 hook_iat                   53 Attempting to hook IAT for module 00007FF7A30D0000
12e0 hook_iat                   54 Target is (null),SetEnvironmentVariableW (by_name=1)
12e0 pe_info::iterate_imports  154 Checking imports in 'msvcrt.dll'
12e0 pe_info::iterate_imports  154 Checking imports in 'ntdll.dll'
12e0 pe_info::iterate_imports  154 Checking imports in 'api-ms-win-core-kernel32-legacy-l1-1-0.dll'
12e0 pe_info::iterate_imports  154 Checking imports in 'api-ms-win-core-libraryloader-l1-2-0.dll'
12e0 pe_info::iterate_imports  154 Checking imports in 'api-ms-win-core-synch-l1-1-0.dll'
12e0 pe_info::iterate_imports  154 Checking imports in 'api-ms-win-core-heap-l1-1-0.dll'
12e0 pe_info::iterate_imports  154 Checking imports in 'api-ms-win-core-errorhandling-l1-1-0.dll'
12e0 pe_info::iterate_imports  154 Checking imports in 'api-ms-win-core-processthreads-l1-1-0.dll'
12e0 pe_info::iterate_imports  154 Checking imports in 'api-ms-win-core-localization-l1-2-0.dll'
12e0 pe_info::iterate_imports  154 Checking imports in 'api-ms-win-core-debug-l1-1-0.dll'
12e0 pe_info::iterate_imports  154 Checking imports in 'api-ms-win-core-handle-l1-1-0.dll'
12e0 pe_info::iterate_imports  154 Checking imports in 'api-ms-win-core-memory-l1-1-0.dll'
12e0 pe_info::iterate_imports  154 Checking imports in 'api-ms-win-core-console-l1-1-0.dll'
12e0 pe_info::iterate_imports  154 Checking imports in 'api-ms-win-core-file-l1-1-0.dll'
12e0 pe_info::iterate_imports  154 Checking imports in 'api-ms-win-core-string-l1-1-0.dll'
12e0 pe_info::iterate_imports  154 Checking imports in 'api-ms-win-core-processenvironment-l1-1-0.dll'
12e0 hook_iat                   81 Found import at 00007FF7A3103860 (value = 00007FFA8DE3BDB0)
12e0 hook_iat                   53 Attempting to hook IAT for module 00007FFA37D30000
12e0 hook_iat                   54 Target is (null),SetEnvironmentVariableW (by_name=1)
12e0 pe_info::iterate_imports  154 Checking imports in 'VERSION.dll'
12e0 pe_info::iterate_imports  154 Checking imports in 'SHLWAPI.dll'
12e0 pe_info::iterate_imports  154 Checking imports in 'RPCRT4.dll'
12e0 pe_info::iterate_imports  154 Checking imports in 'dbghelp.dll'
12e0 pe_info::iterate_imports  154 Checking imports in 'KERNEL32.dll'
12e0 hook_iat                   81 Found import at 00007FFA37E12208 (value = 00007FFA8F8509C0)
12e0 hook_iat                   53 Attempting to hook IAT for module 00007FF7A30D0000
12e0 hook_iat                   54 Target is (null),WriteConsoleW (by_name=1)
12e0 pe_info::iterate_imports  154 Checking imports in 'msvcrt.dll'
12e0 pe_info::iterate_imports  154 Checking imports in 'ntdll.dll'
12e0 pe_info::iterate_imports  154 Checking imports in 'api-ms-win-core-kernel32-legacy-l1-1-0.dll'
12e0 pe_info::iterate_imports  154 Checking imports in 'api-ms-win-core-libraryloader-l1-2-0.dll'
12e0 pe_info::iterate_imports  154 Checking imports in 'api-ms-win-core-synch-l1-1-0.dll'
12e0 pe_info::iterate_imports  154 Checking imports in 'api-ms-win-core-heap-l1-1-0.dll'
12e0 pe_info::iterate_imports  154 Checking imports in 'api-ms-win-core-errorhandling-l1-1-0.dll'
12e0 pe_info::iterate_imports  154 Checking imports in 'api-ms-win-core-processthreads-l1-1-0.dll'
12e0 pe_info::iterate_imports  154 Checking imports in 'api-ms-win-core-localization-l1-2-0.dll'
12e0 pe_info::iterate_imports  154 Checking imports in 'api-ms-win-core-debug-l1-1-0.dll'
12e0 pe_info::iterate_imports  154 Checking imports in 'api-ms-win-core-handle-l1-1-0.dll'
12e0 pe_info::iterate_imports  154 Checking imports in 'api-ms-win-core-memory-l1-1-0.dll'
12e0 pe_info::iterate_imports  154 Checking imports in 'api-ms-win-core-console-l1-1-0.dll'
12e0 hook_iat                   81 Found import at 00007FF7A31034F8 (value = 00007FFA8DDE1500)
12e0 hook_iat                   53 Attempting to hook IAT for module 00007FFA37D30000
12e0 hook_iat                   54 Target is (null),WriteConsoleW (by_name=1)
12e0 pe_info::iterate_imports  154 Checking imports in 'VERSION.dll'
12e0 pe_info::iterate_imports  154 Checking imports in 'SHLWAPI.dll'
12e0 pe_info::iterate_imports  154 Checking imports in 'RPCRT4.dll'
12e0 pe_info::iterate_imports  154 Checking imports in 'dbghelp.dll'
12e0 pe_info::iterate_imports  154 Checking imports in 'KERNEL32.dll'
12e0 hook_iat                   81 Found import at 00007FFA37E120E8 (value = 00007FFA8F8553C0)
12e0 hook_iat                   53 Attempting to hook IAT for module 00007FF7A30D0000
12e0 hook_iat                   54 Target is (null),GetEnvironmentVariableW (by_name=1)
12e0 pe_info::iterate_imports  154 Checking imports in 'msvcrt.dll'
12e0 pe_info::iterate_imports  154 Checking imports in 'ntdll.dll'
12e0 pe_info::iterate_imports  154 Checking imports in 'api-ms-win-core-kernel32-legacy-l1-1-0.dll'
12e0 pe_info::iterate_imports  154 Checking imports in 'api-ms-win-core-libraryloader-l1-2-0.dll'
12e0 pe_info::iterate_imports  154 Checking imports in 'api-ms-win-core-synch-l1-1-0.dll'
12e0 pe_info::iterate_imports  154 Checking imports in 'api-ms-win-core-heap-l1-1-0.dll'
12e0 pe_info::iterate_imports  154 Checking imports in 'api-ms-win-core-errorhandling-l1-1-0.dll'
12e0 pe_info::iterate_imports  154 Checking imports in 'api-ms-win-core-processthreads-l1-1-0.dll'
12e0 pe_info::iterate_imports  154 Checking imports in 'api-ms-win-core-localization-l1-2-0.dll'
12e0 pe_info::iterate_imports  154 Checking imports in 'api-ms-win-core-debug-l1-1-0.dll'
12e0 pe_info::iterate_imports  154 Checking imports in 'api-ms-win-core-handle-l1-1-0.dll'
12e0 pe_info::iterate_imports  154 Checking imports in 'api-ms-win-core-memory-l1-1-0.dll'
12e0 pe_info::iterate_imports  154 Checking imports in 'api-ms-win-core-console-l1-1-0.dll'
12e0 pe_info::iterate_imports  154 Checking imports in 'api-ms-win-core-file-l1-1-0.dll'
12e0 pe_info::iterate_imports  154 Checking imports in 'api-ms-win-core-string-l1-1-0.dll'
12e0 pe_info::iterate_imports  154 Checking imports in 'api-ms-win-core-processenvironment-l1-1-0.dll'
12e0 hook_iat                   81 Found import at 00007FF7A3103880 (value = 00007FFA8DDFA750)
12e0 hook_iat                   53 Attempting to hook IAT for module 00007FFA37D30000
12e0 hook_iat                   54 Target is (null),GetEnvironmentVariableW (by_name=1)
12e0 pe_info::iterate_imports  154 Checking imports in 'VERSION.dll'
12e0 pe_info::iterate_imports  154 Checking imports in 'SHLWAPI.dll'
12e0 pe_info::iterate_imports  154 Checking imports in 'RPCRT4.dll'
12e0 pe_info::iterate_imports  154 Checking imports in 'dbghelp.dll'
12e0 pe_info::iterate_imports  154 Checking imports in 'KERNEL32.dll'
12e0 hook_iat                   81 Found import at 00007FFA37E12200 (value = 00007FFA8F84B620)
12e0 hook_setter::commit        88 <<< Hook transaction committed.
12e0 hook_iat                   53 Attempting to hook IAT for module 00007FF7A30D0000
12e0 hook_iat                   54 Target is (null),GetEnvironmentVariableW (by_name=1)
12e0 pe_info::iterate_imports  154 Checking imports in 'msvcrt.dll'
12e0 pe_info::iterate_imports  154 Checking imports in 'ntdll.dll'
12e0 pe_info::iterate_imports  154 Checking imports in 'api-ms-win-core-kernel32-legacy-l1-1-0.dll'
12e0 pe_info::iterate_imports  154 Checking imports in 'api-ms-win-core-libraryloader-l1-2-0.dll'
12e0 pe_info::iterate_imports  154 Checking imports in 'api-ms-win-core-synch-l1-1-0.dll'
12e0 pe_info::iterate_imports  154 Checking imports in 'api-ms-win-core-heap-l1-1-0.dll'
12e0 pe_info::iterate_imports  154 Checking imports in 'api-ms-win-core-errorhandling-l1-1-0.dll'
12e0 pe_info::iterate_imports  154 Checking imports in 'api-ms-win-core-processthreads-l1-1-0.dll'
12e0 pe_info::iterate_imports  154 Checking imports in 'api-ms-win-core-localization-l1-2-0.dll'
12e0 pe_info::iterate_imports  154 Checking imports in 'api-ms-win-core-debug-l1-1-0.dll'
12e0 pe_info::iterate_imports  154 Checking imports in 'api-ms-win-core-handle-l1-1-0.dll'
12e0 pe_info::iterate_imports  154 Checking imports in 'api-ms-win-core-memory-l1-1-0.dll'
12e0 pe_info::iterate_imports  154 Checking imports in 'api-ms-win-core-console-l1-1-0.dll'
12e0 pe_info::iterate_imports  154 Checking imports in 'api-ms-win-core-file-l1-1-0.dll'
12e0 pe_info::iterate_imports  154 Checking imports in 'api-ms-win-core-string-l1-1-0.dll'
12e0 pe_info::iterate_imports  154 Checking imports in 'api-ms-win-core-processenvironment-l1-1-0.dll'
12e0 hook_iat                   81 Found import at 00007FF7A3103880 (value = 00007FFA37D40D30)
12e0 hook_setter::hook_setter   36 >>> Started hook transaction.
12e0 hook_setter::add_detour   119 Attempting to hook ReadConsoleW in kernelbase.dll with 00007FFA37D410C0.
12e0 add_repair_iat_node       135 Attempting to hook IAT for module 00007FFA37D30000.
12e0 add_repair_iat_node       143 Target is ReadConsoleW (by name).
12e0 pe_info::iterate_imports  154 Checking imports in 'VERSION.dll'
12e0 pe_info::iterate_imports  154 Checking imports in 'SHLWAPI.dll'
12e0 pe_info::iterate_imports  154 Checking imports in 'RPCRT4.dll'
12e0 pe_info::iterate_imports  154 Checking imports in 'dbghelp.dll'
12e0 pe_info::iterate_imports  154 Checking imports in 'KERNEL32.dll'
12e0 add_repair_iat_node       168 Found import at 00007FFA37E121F8 (value is 00007FFA8F855370).
12e0 hook_setter::commit        88 <<< Hook transaction committed.
12e0 reset_handle              140 resetting mismatched stdout handle
12e0 win_screen_buffer::begin  184 Using native terminal support; found 'conemuhk64.dll'.
12e0 history_db::initialise   1061 master bank ctag: |CTAG_1638452555_695698921_21148_0
12e0 history_db::compact      1231 History:  14 active, 7 deleted
